[2025-11-09 02:50:11] INCOMING token (raw): eyJyZXBvcnRfdHlwZSI6InJlc2VydmVkIiwicmVjb3JkX2lkIjoxLCJub25jZSI6Ijc2YmIyNzYzZmI0MzIwZmMxNzY2NjJlODNjNGEzNjYxIiwiZXhwIjoiMjAyNS0xMS0wOSAwODo1MDoxMCIsImlhdCI6IjIwMjUtMTEtMDkgMDc6NTA6MTAiLCJyZWNpcGllbnQiOiI5NzE1NTk3NDAzMzQifQ.rhOL3_Xnit0zf_cYPy8AXfeL7iqLxu-ShFOkBU5hymQ REQUEST_URI=/health_vet/public/add_reserved_report.php?token=eyJyZXBvcnRfdHlwZSI6InJlc2VydmVkIiwicmVjb3JkX2lkIjoxLCJub25jZSI6Ijc2YmIyNzYzZmI0MzIwZmMxNzY2NjJlODNjNGEzNjYxIiwiZXhwIjoiMjAyNS0xMS0wOSAwODo1MDoxMCIsImlhdCI6IjIwMjUtMTEtMDkgMDc6NTA6MTAiLCJyZWNpcGllbnQiOiI5NzE1NTk3NDAzMzQifQ.rhOL3_Xnit0zf_cYPy8AXfeL7iqLxu-ShFOkBU5hymQ
[2025-11-09 02:50:11] Token not found in DB for exact match. Trying fallback by nonce=76bb2763fb4320fc176662e83c4a3661
[2025-11-09 02:50:11] Found DB row by nonce id=4 token_len=255 stored_token_preview=eyJyZXBvcnRfdHlwZSI6InJlc2VydmVkIiwicmVjb3JkX2lkIjoxLCJub25j
[2025-11-09 02:56:47] INCOMING token (raw): eyJyZXBvcnRfdHlwZSI6InJlc2VydmVkIiwicmVjb3JkX2lkIjoxLCJub25jZSI6IjM4NGIxOTYzYzg0MDRkMGVhOWQyNWUxZWU3OTAxNmUxIiwiZXhwIjoiMjAyNS0xMS0wOSAwODo1Njo0NSIsImlhdCI6IjIwMjUtMTEtMDkgMDc6NTY6NDUiLCJyZWNpcGllbnQiOiI5NzE1NTk3NDAzMzQifQ.JNJ1zGwVYzbsnW5Jd4b9c1PSV2kxn8KBW74CTYjYwFU REQUEST_URI=/health_vet/public/add_reserved_report.php?token=eyJyZXBvcnRfdHlwZSI6InJlc2VydmVkIiwicmVjb3JkX2lkIjoxLCJub25jZSI6IjM4NGIxOTYzYzg0MDRkMGVhOWQyNWUxZWU3OTAxNmUxIiwiZXhwIjoiMjAyNS0xMS0wOSAwODo1Njo0NSIsImlhdCI6IjIwMjUtMTEtMDkgMDc6NTY6NDUiLCJyZWNpcGllbnQiOiI5NzE1NTk3NDAzMzQifQ.JNJ1zGwVYzbsnW5Jd4b9c1PSV2kxn8KBW74CTYjYwFU
[2025-11-09 02:56:47] Token not found in DB for exact match. Trying fallback by nonce=384b1963c8404d0ea9d25e1ee79016e1
[2025-11-09 02:56:47] Found DB row by nonce id=1 token_len=255 stored_token_preview=eyJyZXBvcnRfdHlwZSI6InJlc2VydmVkIiwicmVjb3JkX2lkIjoxLCJub25j
[2025-11-09 02:56:51] INCOMING token (raw): eyJyZXBvcnRfdHlwZSI6InJlc2VydmVkIiwicmVjb3JkX2lkIjoxLCJub25jZSI6IjM4NGIxOTYzYzg0MDRkMGVhOWQyNWUxZWU3OTAxNmUxIiwiZXhwIjoiMjAyNS0xMS0wOSAwODo1Njo0NSIsImlhdCI6IjIwMjUtMTEtMDkgMDc6NTY6NDUiLCJyZWNpcGllbnQiOiI5NzE1NTk3NDAzMzQifQ.JNJ1zGwVYzbsnW5Jd4b9c1PSV2kxn8KBW74CTYjYwFU REQUEST_URI=/health_vet/public/add_reserved_report.php?token=eyJyZXBvcnRfdHlwZSI6InJlc2VydmVkIiwicmVjb3JkX2lkIjoxLCJub25jZSI6IjM4NGIxOTYzYzg0MDRkMGVhOWQyNWUxZWU3OTAxNmUxIiwiZXhwIjoiMjAyNS0xMS0wOSAwODo1Njo0NSIsImlhdCI6IjIwMjUtMTEtMDkgMDc6NTY6NDUiLCJyZWNpcGllbnQiOiI5NzE1NTk3NDAzMzQifQ.JNJ1zGwVYzbsnW5Jd4b9c1PSV2kxn8KBW74CTYjYwFU
[2025-11-09 02:56:51] Token not found in DB for exact match. Trying fallback by nonce=384b1963c8404d0ea9d25e1ee79016e1
[2025-11-09 02:56:51] Found DB row by nonce id=1 token_len=255 stored_token_preview=eyJyZXBvcnRfdHlwZSI6InJlc2VydmVkIiwicmVjb3JkX2lkIjoxLCJub25j
[2025-11-09 02:59:27] INCOMING token (raw param): eyJyZXBvcnRfdHlwZSI6InJlc2VydmVkIiwicmVjb3JkX2lkIjoxLCJub25jZSI6Ijc1NzgxYjRhMzIxN2Q5Y2QxYzM0Njk1OGEyMDU1NmFiIiwiZXhwIjoiMjAyNS0xMS0wOSAwODo1OToyNiIsImlhdCI6IjIwMjUtMTEtMDkgMDc6NTk6MjYiLCJyZWNpcGllbnQiOiI5NzE1NTk3NDAzMzQifQ.flfZKJb5tB6pHGMlbNLICvTWVyzJRQygRlSOj0BmhVs decoded_len=266 REQUEST_URI=/health_vet/public/add_reserved_report.php?token=eyJyZXBvcnRfdHlwZSI6InJlc2VydmVkIiwicmVjb3JkX2lkIjoxLCJub25jZSI6Ijc1NzgxYjRhMzIxN2Q5Y2QxYzM0Njk1OGEyMDU1NmFiIiwiZXhwIjoiMjAyNS0xMS0wOSAwODo1OToyNiIsImlhdCI6IjIwMjUtMTEtMDkgMDc6NTk6MjYiLCJyZWNpcGllbnQiOiI5NzE1NTk3NDAzMzQifQ.flfZKJb5tB6pHGMlbNLICvTWVyzJRQygRlSOj0BmhVs
[2025-11-09 02:59:27] Exact token not found. Trying fallback by nonce=75781b4a3217d9cd1c346958a20556ab
[2025-11-09 02:59:27] Found DB row by nonce id=2 stored_len=255
[2025-11-09 02:59:27] Repaired truncated token for id=2 new_token_len=266
[2025-11-09 02:59:27] Token OK id=2 token_len=266
[2025-11-09 03:35:37] INCOMING token (raw param): eyJyZXBvcnRfdHlwZSI6InJlc2VydmVkIiwicmVjb3JkX2lkIjoxLCJub25jZSI6IjI0ZWQ1MDM1OGFlYzhjOTMwZTljNTRiMjA2MDhiODJhIiwiZXhwIjoiMjAyNS0xMS0wOSAwOTozMDowNiIsImlhdCI6IjIwMjUtMTEtMDkgMDg6MzA6MDYiLCJyZWNpcGllbnQiOiJ6ZWRhbm1haG1vdWQ5OUBnbWFpbC5jb20ifQ.czJLjub35I6wwNLbdJ-JQd3AWZydyMPpaY14CjuczPw decoded_len=282 REQUEST_URI=/health_vet/public/add_reserved_report.php?token=eyJyZXBvcnRfdHlwZSI6InJlc2VydmVkIiwicmVjb3JkX2lkIjoxLCJub25jZSI6IjI0ZWQ1MDM1OGFlYzhjOTMwZTljNTRiMjA2MDhiODJhIiwiZXhwIjoiMjAyNS0xMS0wOSAwOTozMDowNiIsImlhdCI6IjIwMjUtMTEtMDkgMDg6MzA6MDYiLCJyZWNpcGllbnQiOiJ6ZWRhbm1haG1vdWQ5OUBnbWFpbC5jb20ifQ.czJLjub35I6wwNLbdJ-JQd3AWZydyMPpaY14CjuczPw
[2025-11-09 03:35:37] Exact token not found. Trying fallback by nonce=24ed50358aec8c930e9c54b20608b82a
[2025-11-09 03:35:37] Found DB row by nonce id=3 stored_len=255
[2025-11-09 03:35:37] Repaired truncated token for id=3 new_token_len=282
[2025-11-09 03:35:37] Token OK id=3 token_len=282
[2025-11-09 03:49:52] INCOMING token (raw param): eyJyZXBvcnRfdHlwZSI6InJlc2VydmVkIiwicmVjb3JkX2lkIjoxLCJub25jZSI6ImRhNzRhMGFhM2Y1YWM5OWNkZTMwYzkyNzQ4MDg3YmM1IiwiZXhwIjoiMjAyNS0xMS0wOSAwOTo0OToyMyIsImlhdCI6IjIwMjUtMTEtMDkgMDg6NDk6MjMiLCJyZWNpcGllbnQiOiI5NzE1NTk3NDAzMzQifQ.kPaqFmmWKEW8iehHTFg0yydzZZdncw3V_Yz-FpfdX-Y decoded_len=266 REQUEST_URI=/health_vet/public/add_reserved_report.php?token=eyJyZXBvcnRfdHlwZSI6InJlc2VydmVkIiwicmVjb3JkX2lkIjoxLCJub25jZSI6ImRhNzRhMGFhM2Y1YWM5OWNkZTMwYzkyNzQ4MDg3YmM1IiwiZXhwIjoiMjAyNS0xMS0wOSAwOTo0OToyMyIsImlhdCI6IjIwMjUtMTEtMDkgMDg6NDk6MjMiLCJyZWNpcGllbnQiOiI5NzE1NTk3NDAzMzQifQ.kPaqFmmWKEW8iehHTFg0yydzZZdncw3V_Yz-FpfdX-Y&i=1
[2025-11-09 03:49:52] Exact token not found. Trying fallback by nonce=da74a0aa3f5ac99cde30c92748087bc5
[2025-11-09 03:49:52] Found DB row by nonce id=5 stored_len=255
[2025-11-09 03:49:52] Repaired truncated token for id=5 new_token_len=266
[2025-11-09 03:49:52] Token OK id=5 token_len=266
[2025-11-09 03:49:55] INCOMING token (raw param): eyJyZXBvcnRfdHlwZSI6InJlc2VydmVkIiwicmVjb3JkX2lkIjoxLCJub25jZSI6ImRhNzRhMGFhM2Y1YWM5OWNkZTMwYzkyNzQ4MDg3YmM1IiwiZXhwIjoiMjAyNS0xMS0wOSAwOTo0OToyMyIsImlhdCI6IjIwMjUtMTEtMDkgMDg6NDk6MjMiLCJyZWNpcGllbnQiOiI5NzE1NTk3NDAzMzQifQ.kPaqFmmWKEW8iehHTFg0yydzZZdncw3V_Yz-FpfdX-Y decoded_len=266 REQUEST_URI=/health_vet/public/add_reserved_report.php?token=eyJyZXBvcnRfdHlwZSI6InJlc2VydmVkIiwicmVjb3JkX2lkIjoxLCJub25jZSI6ImRhNzRhMGFhM2Y1YWM5OWNkZTMwYzkyNzQ4MDg3YmM1IiwiZXhwIjoiMjAyNS0xMS0wOSAwOTo0OToyMyIsImlhdCI6IjIwMjUtMTEtMDkgMDg6NDk6MjMiLCJyZWNpcGllbnQiOiI5NzE1NTk3NDAzMzQifQ.kPaqFmmWKEW8iehHTFg0yydzZZdncw3V_Yz-FpfdX-Y&i=1
[2025-11-09 03:49:55] Exact token not found. Trying fallback by nonce=da74a0aa3f5ac99cde30c92748087bc5
[2025-11-09 03:49:55] Found DB row by nonce id=5 stored_len=255
[2025-11-09 03:49:55] Repaired truncated token for id=5 new_token_len=266
[2025-11-09 03:49:55] Token OK id=5 token_len=266
[2025-11-09 03:49:56] INCOMING token (raw param): eyJyZXBvcnRfdHlwZSI6InJlc2VydmVkIiwicmVjb3JkX2lkIjoxLCJub25jZSI6ImRhNzRhMGFhM2Y1YWM5OWNkZTMwYzkyNzQ4MDg3YmM1IiwiZXhwIjoiMjAyNS0xMS0wOSAwOTo0OToyMyIsImlhdCI6IjIwMjUtMTEtMDkgMDg6NDk6MjMiLCJyZWNpcGllbnQiOiI5NzE1NTk3NDAzMzQifQ.kPaqFmmWKEW8iehHTFg0yydzZZdncw3V_Yz-FpfdX-Y decoded_len=266 REQUEST_URI=/health_vet/public/add_reserved_report.php?token=eyJyZXBvcnRfdHlwZSI6InJlc2VydmVkIiwicmVjb3JkX2lkIjoxLCJub25jZSI6ImRhNzRhMGFhM2Y1YWM5OWNkZTMwYzkyNzQ4MDg3YmM1IiwiZXhwIjoiMjAyNS0xMS0wOSAwOTo0OToyMyIsImlhdCI6IjIwMjUtMTEtMDkgMDg6NDk6MjMiLCJyZWNpcGllbnQiOiI5NzE1NTk3NDAzMzQifQ.kPaqFmmWKEW8iehHTFg0yydzZZdncw3V_Yz-FpfdX-Y&i=1
[2025-11-09 03:49:56] INCOMING token (raw param): eyJyZXBvcnRfdHlwZSI6InJlc2VydmVkIiwicmVjb3JkX2lkIjoxLCJub25jZSI6ImRhNzRhMGFhM2Y1YWM5OWNkZTMwYzkyNzQ4MDg3YmM1IiwiZXhwIjoiMjAyNS0xMS0wOSAwOTo0OToyMyIsImlhdCI6IjIwMjUtMTEtMDkgMDg6NDk6MjMiLCJyZWNpcGllbnQiOiI5NzE1NTk3NDAzMzQifQ.kPaqFmmWKEW8iehHTFg0yydzZZdncw3V_Yz-FpfdX-Y decoded_len=266 REQUEST_URI=/health_vet/public/add_reserved_report.php?token=eyJyZXBvcnRfdHlwZSI6InJlc2VydmVkIiwicmVjb3JkX2lkIjoxLCJub25jZSI6ImRhNzRhMGFhM2Y1YWM5OWNkZTMwYzkyNzQ4MDg3YmM1IiwiZXhwIjoiMjAyNS0xMS0wOSAwOTo0OToyMyIsImlhdCI6IjIwMjUtMTEtMDkgMDg6NDk6MjMiLCJyZWNpcGllbnQiOiI5NzE1NTk3NDAzMzQifQ.kPaqFmmWKEW8iehHTFg0yydzZZdncw3V_Yz-FpfdX-Y&i=1
[2025-11-09 03:49:56] Exact token not found. Trying fallback by nonce=da74a0aa3f5ac99cde30c92748087bc5
[2025-11-09 03:49:56] Exact token not found. Trying fallback by nonce=da74a0aa3f5ac99cde30c92748087bc5
[2025-11-09 03:49:56] Found DB row by nonce id=5 stored_len=255
[2025-11-09 03:49:56] Found DB row by nonce id=5 stored_len=255
[2025-11-09 03:49:56] Repaired truncated token for id=5 new_token_len=266
[2025-11-09 03:49:56] Token OK id=5 token_len=266
[2025-11-09 03:49:56] Repaired truncated token for id=5 new_token_len=266
[2025-11-09 03:49:56] Token OK id=5 token_len=266
[2025-11-09 04:00:31] INCOMING token (raw param): eyJyZXBvcnRfdHlwZSI6InJlc2VydmVkIiwicmVjb3JkX2lkIjoxLCJub25jZSI6ImRhNzRhMGFhM2Y1YWM5OWNkZTMwYzkyNzQ4MDg3YmM1IiwiZXhwIjoiMjAyNS0xMS0wOSAwOTo0OToyMyIsImlhdCI6IjIwMjUtMTEtMDkgMDg6NDk6MjMiLCJyZWNpcGllbnQiOiI5NzE1NTk3NDAzMzQifQ.kPaqFmmWKEW8iehHTFg0yydzZZdncw3V_Yz-FpfdX-Y decoded_len=266 REQUEST_URI=/health_vet/public/add_reserved_report.php?token=eyJyZXBvcnRfdHlwZSI6InJlc2VydmVkIiwicmVjb3JkX2lkIjoxLCJub25jZSI6ImRhNzRhMGFhM2Y1YWM5OWNkZTMwYzkyNzQ4MDg3YmM1IiwiZXhwIjoiMjAyNS0xMS0wOSAwOTo0OToyMyIsImlhdCI6IjIwMjUtMTEtMDkgMDg6NDk6MjMiLCJyZWNpcGllbnQiOiI5NzE1NTk3NDAzMzQifQ.kPaqFmmWKEW8iehHTFg0yydzZZdncw3V_Yz-FpfdX-Y
[2025-11-09 04:00:31] Exact token not found. Trying fallback by nonce=da74a0aa3f5ac99cde30c92748087bc5
[2025-11-09 04:00:31] Found DB row by nonce id=5 stored_len=255
[2025-11-09 04:00:31] Repaired truncated token for id=5 new_token_len=266
[2025-11-09 04:00:31] Token OK id=5 token_len=266
[2025-11-09 04:00:36] INCOMING token (raw param): eyJyZXBvcnRfdHlwZSI6InJlc2VydmVkIiwicmVjb3JkX2lkIjoxLCJub25jZSI6ImRhNzRhMGFhM2Y1YWM5OWNkZTMwYzkyNzQ4MDg3YmM1IiwiZXhwIjoiMjAyNS0xMS0wOSAwOTo0OToyMyIsImlhdCI6IjIwMjUtMTEtMDkgMDg6NDk6MjMiLCJyZWNpcGllbnQiOiI5NzE1NTk3NDAzMzQifQ.kPaqFmmWKEW8iehHTFg0yydzZZdncw3V_Yz-FpfdX-Y decoded_len=266 REQUEST_URI=/health_vet/public/add_reserved_report.php?token=eyJyZXBvcnRfdHlwZSI6InJlc2VydmVkIiwicmVjb3JkX2lkIjoxLCJub25jZSI6ImRhNzRhMGFhM2Y1YWM5OWNkZTMwYzkyNzQ4MDg3YmM1IiwiZXhwIjoiMjAyNS0xMS0wOSAwOTo0OToyMyIsImlhdCI6IjIwMjUtMTEtMDkgMDg6NDk6MjMiLCJyZWNpcGllbnQiOiI5NzE1NTk3NDAzMzQifQ.kPaqFmmWKEW8iehHTFg0yydzZZdncw3V_Yz-FpfdX-Y
[2025-11-09 04:00:36] Exact token not found. Trying fallback by nonce=da74a0aa3f5ac99cde30c92748087bc5
[2025-11-09 04:00:36] Found DB row by nonce id=5 stored_len=255
[2025-11-09 04:00:36] Repaired truncated token for id=5 new_token_len=266
[2025-11-09 04:00:36] Token OK id=5 token_len=266
[2025-11-09 04:00:36] INCOMING token (raw param): eyJyZXBvcnRfdHlwZSI6InJlc2VydmVkIiwicmVjb3JkX2lkIjoxLCJub25jZSI6ImRhNzRhMGFhM2Y1YWM5OWNkZTMwYzkyNzQ4MDg3YmM1IiwiZXhwIjoiMjAyNS0xMS0wOSAwOTo0OToyMyIsImlhdCI6IjIwMjUtMTEtMDkgMDg6NDk6MjMiLCJyZWNpcGllbnQiOiI5NzE1NTk3NDAzMzQifQ.kPaqFmmWKEW8iehHTFg0yydzZZdncw3V_Yz-FpfdX-Y decoded_len=266 REQUEST_URI=/health_vet/public/add_reserved_report.php?token=eyJyZXBvcnRfdHlwZSI6InJlc2VydmVkIiwicmVjb3JkX2lkIjoxLCJub25jZSI6ImRhNzRhMGFhM2Y1YWM5OWNkZTMwYzkyNzQ4MDg3YmM1IiwiZXhwIjoiMjAyNS0xMS0wOSAwOTo0OToyMyIsImlhdCI6IjIwMjUtMTEtMDkgMDg6NDk6MjMiLCJyZWNpcGllbnQiOiI5NzE1NTk3NDAzMzQifQ.kPaqFmmWKEW8iehHTFg0yydzZZdncw3V_Yz-FpfdX-Y
[2025-11-09 04:00:36] Exact token not found. Trying fallback by nonce=da74a0aa3f5ac99cde30c92748087bc5
[2025-11-09 04:00:36] Found DB row by nonce id=5 stored_len=255
[2025-11-09 04:00:36] Repaired truncated token for id=5 new_token_len=266
[2025-11-09 04:00:36] Token OK id=5 token_len=266
[2025-11-09 04:00:36] INCOMING token (raw param): eyJyZXBvcnRfdHlwZSI6InJlc2VydmVkIiwicmVjb3JkX2lkIjoxLCJub25jZSI6ImRhNzRhMGFhM2Y1YWM5OWNkZTMwYzkyNzQ4MDg3YmM1IiwiZXhwIjoiMjAyNS0xMS0wOSAwOTo0OToyMyIsImlhdCI6IjIwMjUtMTEtMDkgMDg6NDk6MjMiLCJyZWNpcGllbnQiOiI5NzE1NTk3NDAzMzQifQ.kPaqFmmWKEW8iehHTFg0yydzZZdncw3V_Yz-FpfdX-Y decoded_len=266 REQUEST_URI=/health_vet/public/add_reserved_report.php?token=eyJyZXBvcnRfdHlwZSI6InJlc2VydmVkIiwicmVjb3JkX2lkIjoxLCJub25jZSI6ImRhNzRhMGFhM2Y1YWM5OWNkZTMwYzkyNzQ4MDg3YmM1IiwiZXhwIjoiMjAyNS0xMS0wOSAwOTo0OToyMyIsImlhdCI6IjIwMjUtMTEtMDkgMDg6NDk6MjMiLCJyZWNpcGllbnQiOiI5NzE1NTk3NDAzMzQifQ.kPaqFmmWKEW8iehHTFg0yydzZZdncw3V_Yz-FpfdX-Y
[2025-11-09 04:00:36] Exact token not found. Trying fallback by nonce=da74a0aa3f5ac99cde30c92748087bc5
[2025-11-09 04:00:36] Found DB row by nonce id=5 stored_len=255
[2025-11-09 04:00:36] Repaired truncated token for id=5 new_token_len=266
[2025-11-09 04:00:36] Token OK id=5 token_len=266
[2025-11-09 04:09:11] INCOMING token (raw param): eyJyZXBvcnRfdHlwZSI6InJlc2VydmVkIiwicmVjb3JkX2lkIjoxLCJub25jZSI6IjY3ZmIwYmYyNDQwNzY0OWJhNzJiNTI4ODllYTc5NmNmIiwiZXhwIjoiMjAyNS0xMS0wOSAxMDowODo1OCIsImlhdCI6IjIwMjUtMTEtMDkgMDk6MDg6NTgiLCJyZWNpcGllbnQiOiJoaGguc3NAZ21haWwuY29tIn0.QXA8adwmCCM4iRiGBgPjeUVolngKp_8Vg1Cs6WNA1AA decoded_len=271 REQUEST_URI=/health_vet/public/add_reserved_report.php?token=eyJyZXBvcnRfdHlwZSI6InJlc2VydmVkIiwicmVjb3JkX2lkIjoxLCJub25jZSI6IjY3ZmIwYmYyNDQwNzY0OWJhNzJiNTI4ODllYTc5NmNmIiwiZXhwIjoiMjAyNS0xMS0wOSAxMDowODo1OCIsImlhdCI6IjIwMjUtMTEtMDkgMDk6MDg6NTgiLCJyZWNpcGllbnQiOiJoaGguc3NAZ21haWwuY29tIn0.QXA8adwmCCM4iRiGBgPjeUVolngKp_8Vg1Cs6WNA1AA
[2025-11-09 04:09:11] Exact token not found. Trying fallback by nonce=67fb0bf24407649ba72b52889ea796cf
[2025-11-09 04:09:11] Found DB row by nonce id=6 stored_len=255
[2025-11-09 04:09:11] Repaired truncated token for id=6 new_token_len=271
[2025-11-09 04:09:11] Token OK id=6 token_len=271
[2025-11-09 04:09:47] INCOMING token (raw param): eyJyZXBvcnRfdHlwZSI6ImFkb3B0ZXIiLCJyZWNvcmRfaWQiOjEsIm5vbmNlIjoiOWU4Y2M3MWY4NzVhYjNlMWRiZTFiMDQ4ZWFjNjNhYjAiLCJleHAiOiIyMDI1LTExLTA5IDEwOjA5OjQ1IiwiaWF0IjoiMjAyNS0xMS0wOSAwOTowOTo0NSIsInJlY2lwaWVudCI6ImhoaC5zc0BnbWFpbC5jb20ifQ.ixMsnVVAm56QqhOQ6l4_Mt0ZAjj7nEOYqE93X76lYbs decoded_len=270 REQUEST_URI=/health_vet/public/add_adopter_report.php?token=eyJyZXBvcnRfdHlwZSI6ImFkb3B0ZXIiLCJyZWNvcmRfaWQiOjEsIm5vbmNlIjoiOWU4Y2M3MWY4NzVhYjNlMWRiZTFiMDQ4ZWFjNjNhYjAiLCJleHAiOiIyMDI1LTExLTA5IDEwOjA5OjQ1IiwiaWF0IjoiMjAyNS0xMS0wOSAwOTowOTo0NSIsInJlY2lwaWVudCI6ImhoaC5zc0BnbWFpbC5jb20ifQ.ixMsnVVAm56QqhOQ6l4_Mt0ZAjj7nEOYqE93X76lYbs
[2025-11-09 04:09:47] Exact token not found. Trying fallback by nonce=9e8cc71f875ab3e1dbe1b048eac63ab0
[2025-11-09 04:09:47] Found DB row by nonce id=7 stored_len=255
[2025-11-09 04:09:47] Repaired truncated token for id=7 new_token_len=270
[2025-11-09 04:09:47] Token OK id=7 token_len=270
[2025-11-09 04:11:02] INCOMING token (raw param): eyJyZXBvcnRfdHlwZSI6ImFwcGxpY2F0aW9ucyIsInJlY29yZF9pZCI6MSwibm9uY2UiOiJmNWNmODg4YTE3ZDQ0YmY1MDFlZGE3ZWZhOTg5N2IyZSIsImV4cCI6IjIwMjUtMTEtMDkgMTA6MTE6MDAiLCJpYXQiOiIyMDI1LTExLTA5IDA5OjExOjAwIiwicmVjaXBpZW50IjoiaGhoLnNzQGdtYWlsLmNvbSJ9.hE53mbCgZoK00mM4YtLsfmuZocfI7-xOiYAQsXTFr_g decoded_len=276 REQUEST_URI=/health_vet/public/applications_report.php?token=eyJyZXBvcnRfdHlwZSI6ImFwcGxpY2F0aW9ucyIsInJlY29yZF9pZCI6MSwibm9uY2UiOiJmNWNmODg4YTE3ZDQ0YmY1MDFlZGE3ZWZhOTg5N2IyZSIsImV4cCI6IjIwMjUtMTEtMDkgMTA6MTE6MDAiLCJpYXQiOiIyMDI1LTExLTA5IDA5OjExOjAwIiwicmVjaXBpZW50IjoiaGhoLnNzQGdtYWlsLmNvbSJ9.hE53mbCgZoK00mM4YtLsfmuZocfI7-xOiYAQsXTFr_g
[2025-11-09 04:11:02] Exact token not found. Trying fallback by nonce=f5cf888a17d44bf501eda7efa9897b2e
[2025-11-09 04:11:02] Found DB row by nonce id=8 stored_len=255
[2025-11-09 04:11:02] Repaired truncated token for id=8 new_token_len=276
[2025-11-09 04:11:02] Token OK id=8 token_len=276
[2025-11-09 04:11:35] INCOMING token (raw param): eyJyZXBvcnRfdHlwZSI6ImFwcGxpY2F0aW9ucyIsInJlY29yZF9pZCI6MSwibm9uY2UiOiJlZWM3ZmY2ZWQ4YjJhZDU2ZTE1MTkwNjYyNWJmZGJjZCIsImV4cCI6IjIwMjUtMTEtMDkgMTA6MTE6MzQiLCJpYXQiOiIyMDI1LTExLTA5IDA5OjExOjM0IiwicmVjaXBpZW50IjoiemVkYW5tYWhtb3VkOTlAZ21haWwuY29tIn0.VEQG2pUxh4BOh8nXBXGXctrCg8f8p4WYGUwpcdxD5As decoded_len=287 REQUEST_URI=/health_vet/public/applications_report.php?token=eyJyZXBvcnRfdHlwZSI6ImFwcGxpY2F0aW9ucyIsInJlY29yZF9pZCI6MSwibm9uY2UiOiJlZWM3ZmY2ZWQ4YjJhZDU2ZTE1MTkwNjYyNWJmZGJjZCIsImV4cCI6IjIwMjUtMTEtMDkgMTA6MTE6MzQiLCJpYXQiOiIyMDI1LTExLTA5IDA5OjExOjM0IiwicmVjaXBpZW50IjoiemVkYW5tYWhtb3VkOTlAZ21haWwuY29tIn0.VEQG2pUxh4BOh8nXBXGXctrCg8f8p4WYGUwpcdxD5As
[2025-11-09 04:11:35] Exact token not found. Trying fallback by nonce=eec7ff6ed8b2ad56e151906625bfdbcd
[2025-11-09 04:11:35] Found DB row by nonce id=9 stored_len=255
[2025-11-09 04:11:35] Repaired truncated token for id=9 new_token_len=287
[2025-11-09 04:11:35] Token OK id=9 token_len=287
[2025-11-09 04:11:48] INCOMING token (raw param): eyJyZXBvcnRfdHlwZSI6ImFkb3B0ZXIiLCJyZWNvcmRfaWQiOjEsIm5vbmNlIjoiNGI3ZTkzZjQwMDZiNGYwN2JmOTVhNzU0MTY4MGY4MWEiLCJleHAiOiIyMDI1LTExLTA5IDEwOjExOjQ3IiwiaWF0IjoiMjAyNS0xMS0wOSAwOToxMTo0NyIsInJlY2lwaWVudCI6InplZGFubWFobW91ZDk5QGdtYWlsLmNvbSJ9.DnTRbLgCgx3iJaJpoAK4zeCdjzjEsLKdOxcPUpX7tp4 decoded_len=280 REQUEST_URI=/health_vet/public/add_adopter_report.php?token=eyJyZXBvcnRfdHlwZSI6ImFkb3B0ZXIiLCJyZWNvcmRfaWQiOjEsIm5vbmNlIjoiNGI3ZTkzZjQwMDZiNGYwN2JmOTVhNzU0MTY4MGY4MWEiLCJleHAiOiIyMDI1LTExLTA5IDEwOjExOjQ3IiwiaWF0IjoiMjAyNS0xMS0wOSAwOToxMTo0NyIsInJlY2lwaWVudCI6InplZGFubWFobW91ZDk5QGdtYWlsLmNvbSJ9.DnTRbLgCgx3iJaJpoAK4zeCdjzjEsLKdOxcPUpX7tp4
[2025-11-09 04:11:48] Exact token not found. Trying fallback by nonce=4b7e93f4006b4f07bf95a7541680f81a
[2025-11-09 04:11:48] Found DB row by nonce id=10 stored_len=255
[2025-11-09 04:11:48] Repaired truncated token for id=10 new_token_len=280
[2025-11-09 04:11:48] Token OK id=10 token_len=280
[2025-11-09 04:11:53] INCOMING token (raw param): eyJyZXBvcnRfdHlwZSI6ImFkb3B0ZXIiLCJyZWNvcmRfaWQiOjEsIm5vbmNlIjoiNGI3ZTkzZjQwMDZiNGYwN2JmOTVhNzU0MTY4MGY4MWEiLCJleHAiOiIyMDI1LTExLTA5IDEwOjExOjQ3IiwiaWF0IjoiMjAyNS0xMS0wOSAwOToxMTo0NyIsInJlY2lwaWVudCI6InplZGFubWFobW91ZDk5QGdtYWlsLmNvbSJ9.DnTRbLgCgx3iJaJpoAK4zeCdjzjEsLKdOxcPUpX7tp4 decoded_len=280 REQUEST_URI=/health_vet/public/add_adopter_report.php?token=eyJyZXBvcnRfdHlwZSI6ImFkb3B0ZXIiLCJyZWNvcmRfaWQiOjEsIm5vbmNlIjoiNGI3ZTkzZjQwMDZiNGYwN2JmOTVhNzU0MTY4MGY4MWEiLCJleHAiOiIyMDI1LTExLTA5IDEwOjExOjQ3IiwiaWF0IjoiMjAyNS0xMS0wOSAwOToxMTo0NyIsInJlY2lwaWVudCI6InplZGFubWFobW91ZDk5QGdtYWlsLmNvbSJ9.DnTRbLgCgx3iJaJpoAK4zeCdjzjEsLKdOxcPUpX7tp4
[2025-11-09 04:11:53] Exact token not found. Trying fallback by nonce=4b7e93f4006b4f07bf95a7541680f81a
[2025-11-09 04:11:53] Found DB row by nonce id=10 stored_len=255
[2025-11-09 04:11:53] Repaired truncated token for id=10 new_token_len=280
[2025-11-09 04:11:53] Token OK id=10 token_len=280
[2025-11-09 04:14:21] INCOMING token (raw param): eyJyZXBvcnRfdHlwZSI6ImFkb3B0ZXIiLCJyZWNvcmRfaWQiOjEsIm5vbmNlIjoiMjI3OTU4MzA2MWRjN2I0NjUzNjI5ZWVmZDllMjcxNDkiLCJleHAiOiIyMDI1LTExLTA5IDEwOjE0OjIwIiwiaWF0IjoiMjAyNS0xMS0wOSAwOToxNDoyMCIsInJlY2lwaWVudCI6InplZGFubWFobW91ZDk5QGdtYWlsLmNvbSJ9.aMutqgIwH-z6ip7TY8koM_ZqtE7CX7A8qJ-ub4-iXiY decoded_len=280 REQUEST_URI=/health_vet/public/add_adopter_report.php?token=eyJyZXBvcnRfdHlwZSI6ImFkb3B0ZXIiLCJyZWNvcmRfaWQiOjEsIm5vbmNlIjoiMjI3OTU4MzA2MWRjN2I0NjUzNjI5ZWVmZDllMjcxNDkiLCJleHAiOiIyMDI1LTExLTA5IDEwOjE0OjIwIiwiaWF0IjoiMjAyNS0xMS0wOSAwOToxNDoyMCIsInJlY2lwaWVudCI6InplZGFubWFobW91ZDk5QGdtYWlsLmNvbSJ9.aMutqgIwH-z6ip7TY8koM_ZqtE7CX7A8qJ-ub4-iXiY
[2025-11-09 04:14:21] Exact token not found. Trying fallback by nonce=2279583061dc7b4653629eefd9e27149
[2025-11-09 04:14:21] Found DB row by nonce id=11 stored_len=255
[2025-11-09 04:14:21] Repaired truncated token for id=11 new_token_len=280
[2025-11-09 04:14:21] Token OK id=11 token_len=280
[2025-11-09 04:15:18] INCOMING token (raw param): eyJyZXBvcnRfdHlwZSI6Im93bmVyX2FuaW1hbHMiLCJyZWNvcmRfaWQiOjI4LCJub25jZSI6IjhhZTU4OGE5NDYzZTNiODgzMTYyNWJiYTliMzFhNDgwIiwiZXhwIjoiMjAyNS0xMS0wOSAxMDoxNToxNyIsImlhdCI6IjIwMjUtMTEtMDkgMDk6MTU6MTciLCJyZWNpcGllbnQiOiIwNTI3MDA4NDExIn0.ANj7JDZQrXxJe5lyL5b7dsoqc0aU52ZGUsPoGseEVaQ decoded_len=271 REQUEST_URI=/health_vet/public/owner_animals_report.php?token=eyJyZXBvcnRfdHlwZSI6Im93bmVyX2FuaW1hbHMiLCJyZWNvcmRfaWQiOjI4LCJub25jZSI6IjhhZTU4OGE5NDYzZTNiODgzMTYyNWJiYTliMzFhNDgwIiwiZXhwIjoiMjAyNS0xMS0wOSAxMDoxNToxNyIsImlhdCI6IjIwMjUtMTEtMDkgMDk6MTU6MTciLCJyZWNpcGllbnQiOiIwNTI3MDA4NDExIn0.ANj7JDZQrXxJe5lyL5b7dsoqc0aU52ZGUsPoGseEVaQ
[2025-11-09 04:15:18] Exact token not found. Trying fallback by nonce=8ae588a9463e3b8831625bba9b31a480
[2025-11-09 04:15:18] Found DB row by nonce id=13 stored_len=255
[2025-11-09 04:15:18] Repaired truncated token for id=13 new_token_len=271
[2025-11-09 04:15:18] Token OK id=13 token_len=271
[2025-11-09 04:17:10] INCOMING token (raw param): eyJyZXBvcnRfdHlwZSI6Im93bmVyX2FuaW1hbHMiLCJyZWNvcmRfaWQiOjI4LCJub25jZSI6Ijk1MDg0YTEyMzc4ZDZmMTMxNTQzZWEzNDBjNDk3YTE3IiwiZXhwIjoiMjAyNS0xMS0wOSAxMDoxNzowOSIsImlhdCI6IjIwMjUtMTEtMDkgMDk6MTc6MDkiLCJyZWNpcGllbnQiOiIwNTI3MDA4NDExIn0.gMHTI8d4D0FpGl90U_j-x4LwJiUybUtRZcxp6ljbHTQ decoded_len=271 REQUEST_URI=/health_vet/public/owner_animals_report.php?token=eyJyZXBvcnRfdHlwZSI6Im93bmVyX2FuaW1hbHMiLCJyZWNvcmRfaWQiOjI4LCJub25jZSI6Ijk1MDg0YTEyMzc4ZDZmMTMxNTQzZWEzNDBjNDk3YTE3IiwiZXhwIjoiMjAyNS0xMS0wOSAxMDoxNzowOSIsImlhdCI6IjIwMjUtMTEtMDkgMDk6MTc6MDkiLCJyZWNpcGllbnQiOiIwNTI3MDA4NDExIn0.gMHTI8d4D0FpGl90U_j-x4LwJiUybUtRZcxp6ljbHTQ
[2025-11-09 04:17:10] Exact token not found. Trying fallback by nonce=95084a12378d6f131543ea340c497a17
[2025-11-09 04:17:10] Found DB row by nonce id=14 stored_len=255
[2025-11-09 04:17:10] Repaired truncated token for id=14 new_token_len=271
[2025-11-09 04:17:10] Token OK id=14 token_len=271
[2025-11-09 04:26:42] INCOMING token (raw param): eyJyZXBvcnRfdHlwZSI6InZpc2l0b3JfaW50ZXJhY3Rpb24iLCJyZWNvcmRfaWQiOjEsIm5vbmNlIjoiYjMwZGY2NjNhMjczNDAzMmM0M2NiOTEzODAyNWRlZmIiLCJleHAiOiIyMDI1LTExLTA5IDEwOjI2OjQwIiwiaWF0IjoiMjAyNS0xMS0wOSAwOToyNjo0MCIsInJlY2lwaWVudCI6IjA1NTk3NDAzMzQifQ.2u8mNA8DU5eOT4Y7f-1GpKNp4LO3ogcWzrax2clSRQo decoded_len=278 REQUEST_URI=/health_vet/public/add_visitor_interactions_report.php?token=eyJyZXBvcnRfdHlwZSI6InZpc2l0b3JfaW50ZXJhY3Rpb24iLCJyZWNvcmRfaWQiOjEsIm5vbmNlIjoiYjMwZGY2NjNhMjczNDAzMmM0M2NiOTEzODAyNWRlZmIiLCJleHAiOiIyMDI1LTExLTA5IDEwOjI2OjQwIiwiaWF0IjoiMjAyNS0xMS0wOSAwOToyNjo0MCIsInJlY2lwaWVudCI6IjA1NTk3NDAzMzQifQ.2u8mNA8DU5eOT4Y7f-1GpKNp4LO3ogcWzrax2clSRQo
[2025-11-09 04:26:42] Exact token not found. Trying fallback by nonce=b30df663a2734032c43cb9138025defb
[2025-11-09 04:26:42] Found DB row by nonce id=15 stored_len=255
[2025-11-09 04:26:42] Repaired truncated token for id=15 new_token_len=278
[2025-11-09 04:26:42] Token OK id=15 token_len=278
[2025-11-09 05:02:10] INCOMING token (raw param): eyJyZXBvcnRfdHlwZSI6InJlc2VydmVkIiwicmVjb3JkX2lkIjoxLCJub25jZSI6ImRhNzRhMGFhM2Y1YWM5OWNkZTMwYzkyNzQ4MDg3YmM1IiwiZXhwIjoiMjAyNS0xMS0wOSAwOTo0OToyMyIsImlhdCI6IjIwMjUtMTEtMDkgMDg6NDk6MjMiLCJyZWNpcGllbnQiOiI5NzE1NTk3NDAzMzQifQ.kPaqFmmWKEW8iehHTFg0yydzZZdncw3V_Yz-FpfdX-Y decoded_len=266 REQUEST_URI=/health_vet/public/add_reserved_report.php?token=eyJyZXBvcnRfdHlwZSI6InJlc2VydmVkIiwicmVjb3JkX2lkIjoxLCJub25jZSI6ImRhNzRhMGFhM2Y1YWM5OWNkZTMwYzkyNzQ4MDg3YmM1IiwiZXhwIjoiMjAyNS0xMS0wOSAwOTo0OToyMyIsImlhdCI6IjIwMjUtMTEtMDkgMDg6NDk6MjMiLCJyZWNpcGllbnQiOiI5NzE1NTk3NDAzMzQifQ.kPaqFmmWKEW8iehHTFg0yydzZZdncw3V_Yz-FpfdX-Y
[2025-11-09 05:02:10] Token expired: exp=2025-11-09 09:49:23
[2025-11-09 05:08:08] INCOMING token (raw param): eyJyZXBvcnRfdHlwZSI6InJlc2VydmVkIiwicmVjb3JkX2lkIjoxLCJub25jZSI6ImRhNzRhMGFhM2Y1YWM5OWNkZTMwYzkyNzQ4MDg3YmM1IiwiZXhwIjoiMjAyNS0xMS0wOSAwOTo0OToyMyIsImlhdCI6IjIwMjUtMTEtMDkgMDg6NDk6MjMiLCJyZWNpcGllbnQiOiI5NzE1NTk3NDAzMzQifQ.kPaqFmmWKEW8iehHTFg0yydzZZdncw3V_Yz-FpfdX-Y decoded_len=266 REQUEST_URI=/health_vet/public/add_reserved_report.php?token=eyJyZXBvcnRfdHlwZSI6InJlc2VydmVkIiwicmVjb3JkX2lkIjoxLCJub25jZSI6ImRhNzRhMGFhM2Y1YWM5OWNkZTMwYzkyNzQ4MDg3YmM1IiwiZXhwIjoiMjAyNS0xMS0wOSAwOTo0OToyMyIsImlhdCI6IjIwMjUtMTEtMDkgMDg6NDk6MjMiLCJyZWNpcGllbnQiOiI5NzE1NTk3NDAzMzQifQ.kPaqFmmWKEW8iehHTFg0yydzZZdncw3V_Yz-FpfdX-Y
[2025-11-09 05:08:08] Token expired: exp=2025-11-09 09:49:23
[2025-11-09 05:08:10] INCOMING token (raw param): eyJyZXBvcnRfdHlwZSI6InJlc2VydmVkIiwicmVjb3JkX2lkIjoxLCJub25jZSI6ImRhNzRhMGFhM2Y1YWM5OWNkZTMwYzkyNzQ4MDg3YmM1IiwiZXhwIjoiMjAyNS0xMS0wOSAwOTo0OToyMyIsImlhdCI6IjIwMjUtMTEtMDkgMDg6NDk6MjMiLCJyZWNpcGllbnQiOiI5NzE1NTk3NDAzMzQifQ.kPaqFmmWKEW8iehHTFg0yydzZZdncw3V_Yz-FpfdX-Y decoded_len=266 REQUEST_URI=/health_vet/public/add_reserved_report.php?token=eyJyZXBvcnRfdHlwZSI6InJlc2VydmVkIiwicmVjb3JkX2lkIjoxLCJub25jZSI6ImRhNzRhMGFhM2Y1YWM5OWNkZTMwYzkyNzQ4MDg3YmM1IiwiZXhwIjoiMjAyNS0xMS0wOSAwOTo0OToyMyIsImlhdCI6IjIwMjUtMTEtMDkgMDg6NDk6MjMiLCJyZWNpcGllbnQiOiI5NzE1NTk3NDAzMzQifQ.kPaqFmmWKEW8iehHTFg0yydzZZdncw3V_Yz-FpfdX-Y
[2025-11-09 05:08:10] Token expired: exp=2025-11-09 09:49:23
[2025-11-09 06:53:09] INCOMING token (raw param): eyJyZXBvcnRfdHlwZSI6ImFkb3B0ZXIiLCJyZWNvcmRfaWQiOjEsIm5vbmNlIjoiNWY2NWMwNmE1NTNiZjk0MjBhNjg2NDRjY2Q2MGRhYjQiLCJleHAiOiIyMDI1LTExLTA5IDEyOjUzOjA2IiwiaWF0IjoiMjAyNS0xMS0wOSAxMTo1MzowNiIsInJlY2lwaWVudCI6ImhoaC5zc0BnbWFpbC5jb20ifQ.AJ-pbGjNL5kBXzYbWaA3777dPAhy1h7790crS0TaUkI decoded_len=270 REQUEST_URI=/health_vet/public/add_adopter_report.php?token=eyJyZXBvcnRfdHlwZSI6ImFkb3B0ZXIiLCJyZWNvcmRfaWQiOjEsIm5vbmNlIjoiNWY2NWMwNmE1NTNiZjk0MjBhNjg2NDRjY2Q2MGRhYjQiLCJleHAiOiIyMDI1LTExLTA5IDEyOjUzOjA2IiwiaWF0IjoiMjAyNS0xMS0wOSAxMTo1MzowNiIsInJlY2lwaWVudCI6ImhoaC5zc0BnbWFpbC5jb20ifQ.AJ-pbGjNL5kBXzYbWaA3777dPAhy1h7790crS0TaUkI
[2025-11-09 06:53:09] Exact token not found. Trying fallback by nonce=5f65c06a553bf9420a68644ccd60dab4
[2025-11-09 06:53:09] Found DB row by nonce id=16 stored_len=255
[2025-11-09 06:53:09] Repaired truncated token for id=16 new_token_len=270
[2025-11-09 06:53:09] Token OK id=16 token_len=270
[2025-11-09 06:54:21] INCOMING token (raw param): eyJyZXBvcnRfdHlwZSI6InJlc2VydmVkIiwicmVjb3JkX2lkIjoxLCJub25jZSI6IjliMmUyOGMxZGI2MDM4YzIzYzBlNTJhYjUwNzRlM2UzIiwiZXhwIjoiMjAyNS0xMS0wOSAxMjo1NDoyMCIsImlhdCI6IjIwMjUtMTEtMDkgMTE6NTQ6MjAiLCJyZWNpcGllbnQiOiJ6ZWRhbm1haG1vdWQ5OUBnbWFpbC5jb20ifQ.xTpayvZtsIXeTZc35xFV3JarE6rn6uOzmuVLs2SrjmU decoded_len=282 REQUEST_URI=/health_vet/public/add_reserved_report.php?token=eyJyZXBvcnRfdHlwZSI6InJlc2VydmVkIiwicmVjb3JkX2lkIjoxLCJub25jZSI6IjliMmUyOGMxZGI2MDM4YzIzYzBlNTJhYjUwNzRlM2UzIiwiZXhwIjoiMjAyNS0xMS0wOSAxMjo1NDoyMCIsImlhdCI6IjIwMjUtMTEtMDkgMTE6NTQ6MjAiLCJyZWNpcGllbnQiOiJ6ZWRhbm1haG1vdWQ5OUBnbWFpbC5jb20ifQ.xTpayvZtsIXeTZc35xFV3JarE6rn6uOzmuVLs2SrjmU
[2025-11-09 06:54:21] Exact token not found. Trying fallback by nonce=9b2e28c1db6038c23c0e52ab5074e3e3
[2025-11-09 06:54:21] Found DB row by nonce id=17 stored_len=255
[2025-11-09 06:54:21] Repaired truncated token for id=17 new_token_len=282
[2025-11-09 06:54:21] Token OK id=17 token_len=282
[2025-11-09 07:19:50] INCOMING token (raw param): eyJyZXBvcnRfdHlwZSI6InJlc2VydmVkIiwicmVjb3JkX2lkIjoxLCJub25jZSI6ImRhNzRhMGFhM2Y1YWM5OWNkZTMwYzkyNzQ4MDg3YmM1IiwiZXhwIjoiMjAyNS0xMS0wOSAwOTo0OToyMyIsImlhdCI6IjIwMjUtMTEtMDkgMDg6NDk6MjMiLCJyZWNpcGllbnQiOiI5NzE1NTk3NDAzMzQifQ.kPaqFmmWKEW8iehHTFg0yydzZZdncw3V_Yz-FpfdX-Y decoded_len=266 REQUEST_URI=/health_vet/public/add_reserved_report.php?token=eyJyZXBvcnRfdHlwZSI6InJlc2VydmVkIiwicmVjb3JkX2lkIjoxLCJub25jZSI6ImRhNzRhMGFhM2Y1YWM5OWNkZTMwYzkyNzQ4MDg3YmM1IiwiZXhwIjoiMjAyNS0xMS0wOSAwOTo0OToyMyIsImlhdCI6IjIwMjUtMTEtMDkgMDg6NDk6MjMiLCJyZWNpcGllbnQiOiI5NzE1NTk3NDAzMzQifQ.kPaqFmmWKEW8iehHTFg0yydzZZdncw3V_Yz-FpfdX-Y
[2025-11-09 07:19:50] Token expired: exp=2025-11-09 09:49:23
[2025-11-09 07:19:54] INCOMING token (raw param): eyJyZXBvcnRfdHlwZSI6InJlc2VydmVkIiwicmVjb3JkX2lkIjoxLCJub25jZSI6ImRhNzRhMGFhM2Y1YWM5OWNkZTMwYzkyNzQ4MDg3YmM1IiwiZXhwIjoiMjAyNS0xMS0wOSAwOTo0OToyMyIsImlhdCI6IjIwMjUtMTEtMDkgMDg6NDk6MjMiLCJyZWNpcGllbnQiOiI5NzE1NTk3NDAzMzQifQ.kPaqFmmWKEW8iehHTFg0yydzZZdncw3V_Yz-FpfdX-Y decoded_len=266 REQUEST_URI=/health_vet/public/add_reserved_report.php?token=eyJyZXBvcnRfdHlwZSI6InJlc2VydmVkIiwicmVjb3JkX2lkIjoxLCJub25jZSI6ImRhNzRhMGFhM2Y1YWM5OWNkZTMwYzkyNzQ4MDg3YmM1IiwiZXhwIjoiMjAyNS0xMS0wOSAwOTo0OToyMyIsImlhdCI6IjIwMjUtMTEtMDkgMDg6NDk6MjMiLCJyZWNpcGllbnQiOiI5NzE1NTk3NDAzMzQifQ.kPaqFmmWKEW8iehHTFg0yydzZZdncw3V_Yz-FpfdX-Y
[2025-11-09 07:19:54] Token expired: exp=2025-11-09 09:49:23
[2025-11-10 02:05:42] INCOMING token (raw param): eyJyZXBvcnRfdHlwZSI6ImFwcGxpY2F0aW9ucyIsInJlY29yZF9pZCI6Miwibm9uY2UiOiI2NjgxMjZjNWYyZjZlNzI4ZDdjYzkxYmVkN2U0NjlkOCIsImV4cCI6IjIwMjUtMTEtMTAgMDg6MDQ6NTAiLCJpYXQiOiIyMDI1LTExLTEwIDA3OjA0OjUwIiwicmVjaXBpZW50IjoiOTcxNTU5NzQwMzM0In0.a4Po6zCUH041IFziICb9UYtGKw2kyH2YKou46Ak-Gqo decoded_len=271 REQUEST_URI=/health_vet/public/applications_report.php?token=eyJyZXBvcnRfdHlwZSI6ImFwcGxpY2F0aW9ucyIsInJlY29yZF9pZCI6Miwibm9uY2UiOiI2NjgxMjZjNWYyZjZlNzI4ZDdjYzkxYmVkN2U0NjlkOCIsImV4cCI6IjIwMjUtMTEtMTAgMDg6MDQ6NTAiLCJpYXQiOiIyMDI1LTExLTEwIDA3OjA0OjUwIiwicmVjaXBpZW50IjoiOTcxNTU5NzQwMzM0In0.a4Po6zCUH041IFziICb9UYtGKw2kyH2YKou46Ak-Gqo
[2025-11-10 02:05:42] Exact token not found. Trying fallback by nonce=668126c5f2f6e728d7cc91bed7e469d8
[2025-11-10 02:05:42] Found DB row by nonce id=18 stored_len=255
[2025-11-10 02:05:42] Repaired truncated token for id=18 new_token_len=271
[2025-11-10 02:05:42] Token OK id=18 token_len=271
[2025-11-10 02:05:47] INCOMING token (raw param): eyJyZXBvcnRfdHlwZSI6ImFwcGxpY2F0aW9ucyIsInJlY29yZF9pZCI6Miwibm9uY2UiOiI2NjgxMjZjNWYyZjZlNzI4ZDdjYzkxYmVkN2U0NjlkOCIsImV4cCI6IjIwMjUtMTEtMTAgMDg6MDQ6NTAiLCJpYXQiOiIyMDI1LTExLTEwIDA3OjA0OjUwIiwicmVjaXBpZW50IjoiOTcxNTU5NzQwMzM0In0.a4Po6zCUH041IFziICb9UYtGKw2kyH2YKou46Ak-Gqo decoded_len=271 REQUEST_URI=/health_vet/public/applications_report.php?token=eyJyZXBvcnRfdHlwZSI6ImFwcGxpY2F0aW9ucyIsInJlY29yZF9pZCI6Miwibm9uY2UiOiI2NjgxMjZjNWYyZjZlNzI4ZDdjYzkxYmVkN2U0NjlkOCIsImV4cCI6IjIwMjUtMTEtMTAgMDg6MDQ6NTAiLCJpYXQiOiIyMDI1LTExLTEwIDA3OjA0OjUwIiwicmVjaXBpZW50IjoiOTcxNTU5NzQwMzM0In0.a4Po6zCUH041IFziICb9UYtGKw2kyH2YKou46Ak-Gqo
[2025-11-10 02:05:47] Exact token not found. Trying fallback by nonce=668126c5f2f6e728d7cc91bed7e469d8
[2025-11-10 02:05:47] Found DB row by nonce id=18 stored_len=255
[2025-11-10 02:05:47] Repaired truncated token for id=18 new_token_len=271
[2025-11-10 02:05:47] Token OK id=18 token_len=271
[2025-11-10 02:05:48] INCOMING token (raw param): eyJyZXBvcnRfdHlwZSI6ImFwcGxpY2F0aW9ucyIsInJlY29yZF9pZCI6Miwibm9uY2UiOiI2NjgxMjZjNWYyZjZlNzI4ZDdjYzkxYmVkN2U0NjlkOCIsImV4cCI6IjIwMjUtMTEtMTAgMDg6MDQ6NTAiLCJpYXQiOiIyMDI1LTExLTEwIDA3OjA0OjUwIiwicmVjaXBpZW50IjoiOTcxNTU5NzQwMzM0In0.a4Po6zCUH041IFziICb9UYtGKw2kyH2YKou46Ak-Gqo decoded_len=271 REQUEST_URI=/health_vet/public/applications_report.php?token=eyJyZXBvcnRfdHlwZSI6ImFwcGxpY2F0aW9ucyIsInJlY29yZF9pZCI6Miwibm9uY2UiOiI2NjgxMjZjNWYyZjZlNzI4ZDdjYzkxYmVkN2U0NjlkOCIsImV4cCI6IjIwMjUtMTEtMTAgMDg6MDQ6NTAiLCJpYXQiOiIyMDI1LTExLTEwIDA3OjA0OjUwIiwicmVjaXBpZW50IjoiOTcxNTU5NzQwMzM0In0.a4Po6zCUH041IFziICb9UYtGKw2kyH2YKou46Ak-Gqo
[2025-11-10 02:05:48] Exact token not found. Trying fallback by nonce=668126c5f2f6e728d7cc91bed7e469d8
[2025-11-10 02:05:48] Found DB row by nonce id=18 stored_len=255
[2025-11-10 02:05:48] Repaired truncated token for id=18 new_token_len=271
[2025-11-10 02:05:48] Token OK id=18 token_len=271
[2025-11-10 02:05:48] INCOMING token (raw param): eyJyZXBvcnRfdHlwZSI6ImFwcGxpY2F0aW9ucyIsInJlY29yZF9pZCI6Miwibm9uY2UiOiI2NjgxMjZjNWYyZjZlNzI4ZDdjYzkxYmVkN2U0NjlkOCIsImV4cCI6IjIwMjUtMTEtMTAgMDg6MDQ6NTAiLCJpYXQiOiIyMDI1LTExLTEwIDA3OjA0OjUwIiwicmVjaXBpZW50IjoiOTcxNTU5NzQwMzM0In0.a4Po6zCUH041IFziICb9UYtGKw2kyH2YKou46Ak-Gqo decoded_len=271 REQUEST_URI=/health_vet/public/applications_report.php?token=eyJyZXBvcnRfdHlwZSI6ImFwcGxpY2F0aW9ucyIsInJlY29yZF9pZCI6Miwibm9uY2UiOiI2NjgxMjZjNWYyZjZlNzI4ZDdjYzkxYmVkN2U0NjlkOCIsImV4cCI6IjIwMjUtMTEtMTAgMDg6MDQ6NTAiLCJpYXQiOiIyMDI1LTExLTEwIDA3OjA0OjUwIiwicmVjaXBpZW50IjoiOTcxNTU5NzQwMzM0In0.a4Po6zCUH041IFziICb9UYtGKw2kyH2YKou46Ak-Gqo
[2025-11-10 02:05:48] Exact token not found. Trying fallback by nonce=668126c5f2f6e728d7cc91bed7e469d8
[2025-11-10 02:05:48] Found DB row by nonce id=18 stored_len=255
[2025-11-10 02:05:48] Repaired truncated token for id=18 new_token_len=271
[2025-11-10 02:05:48] Token OK id=18 token_len=271
[2025-11-10 02:23:36] INCOMING token (raw param): eyJyZXBvcnRfdHlwZSI6ImFwcGxpY2F0aW9ucyIsInJlY29yZF9pZCI6Miwibm9uY2UiOiI2NjgxMjZjNWYyZjZlNzI4ZDdjYzkxYmVkN2U0NjlkOCIsImV4cCI6IjIwMjUtMTEtMTAgMDg6MDQ6NTAiLCJpYXQiOiIyMDI1LTExLTEwIDA3OjA0OjUwIiwicmVjaXBpZW50IjoiOTcxNTU5NzQwMzM0In0.a4Po6zCUH041IFziICb9UYtGKw2kyH2YKou46Ak-Gqo decoded_len=271 REQUEST_URI=/health_vet/public/applications_report.php?token=eyJyZXBvcnRfdHlwZSI6ImFwcGxpY2F0aW9ucyIsInJlY29yZF9pZCI6Miwibm9uY2UiOiI2NjgxMjZjNWYyZjZlNzI4ZDdjYzkxYmVkN2U0NjlkOCIsImV4cCI6IjIwMjUtMTEtMTAgMDg6MDQ6NTAiLCJpYXQiOiIyMDI1LTExLTEwIDA3OjA0OjUwIiwicmVjaXBpZW50IjoiOTcxNTU5NzQwMzM0In0.a4Po6zCUH041IFziICb9UYtGKw2kyH2YKou46Ak-Gqo
[2025-11-10 02:23:36] Exact token not found. Trying fallback by nonce=668126c5f2f6e728d7cc91bed7e469d8
[2025-11-10 02:23:36] Found DB row by nonce id=18 stored_len=255
[2025-11-10 02:23:36] Repaired truncated token for id=18 new_token_len=271
[2025-11-10 02:23:36] Token OK id=18 token_len=271
[2025-11-11 03:05:28] INCOMING token (raw param): eyJyZXBvcnRfdHlwZSI6ImFkb3B0ZXIiLCJyZWNvcmRfaWQiOjcsIm5vbmNlIjoiOTM2YWQ4MWMyZTM5NmQ3ZGUwODRkYTlkNDlkMjhkMmIiLCJleHAiOiIyMDI1LTExLTExIDA5OjA1OjI3IiwiaWF0IjoiMjAyNS0xMS0xMSAwODowNToyNyIsInJlY2lwaWVudCI6InN6LTE4NDQ0QGhvdG1haWwuY29tIn0.-HHWNRAfkFEjGtTkec74gpsISa-Sq6-yb2hndMOcgFw decoded_len=275 REQUEST_URI=/health_vet/public/add_adopter_report.php?token=eyJyZXBvcnRfdHlwZSI6ImFkb3B0ZXIiLCJyZWNvcmRfaWQiOjcsIm5vbmNlIjoiOTM2YWQ4MWMyZTM5NmQ3ZGUwODRkYTlkNDlkMjhkMmIiLCJleHAiOiIyMDI1LTExLTExIDA5OjA1OjI3IiwiaWF0IjoiMjAyNS0xMS0xMSAwODowNToyNyIsInJlY2lwaWVudCI6InN6LTE4NDQ0QGhvdG1haWwuY29tIn0.-HHWNRAfkFEjGtTkec74gpsISa-Sq6-yb2hndMOcgFw
[2025-11-11 03:05:28] Exact token not found. Trying fallback by nonce=936ad81c2e396d7de084da9d49d28d2b
[2025-11-11 03:05:28] Found DB row by nonce id=20 stored_len=255
[2025-11-11 03:05:28] Repaired truncated token for id=20 new_token_len=275
[2025-11-11 03:05:28] Token OK id=20 token_len=275
[2025-11-11 03:05:39] INCOMING token (raw param): eyJyZXBvcnRfdHlwZSI6ImFkb3B0ZXIiLCJyZWNvcmRfaWQiOjcsIm5vbmNlIjoiOTM2YWQ4MWMyZTM5NmQ3ZGUwODRkYTlkNDlkMjhkMmIiLCJleHAiOiIyMDI1LTExLTExIDA5OjA1OjI3IiwiaWF0IjoiMjAyNS0xMS0xMSAwODowNToyNyIsInJlY2lwaWVudCI6InN6LTE4NDQ0QGhvdG1haWwuY29tIn0.-HHWNRAfkFEjGtTkec74gpsISa-Sq6-yb2hndMOcgFw decoded_len=275 REQUEST_URI=/health_vet/public/add_adopter_report.php?token=eyJyZXBvcnRfdHlwZSI6ImFkb3B0ZXIiLCJyZWNvcmRfaWQiOjcsIm5vbmNlIjoiOTM2YWQ4MWMyZTM5NmQ3ZGUwODRkYTlkNDlkMjhkMmIiLCJleHAiOiIyMDI1LTExLTExIDA5OjA1OjI3IiwiaWF0IjoiMjAyNS0xMS0xMSAwODowNToyNyIsInJlY2lwaWVudCI6InN6LTE4NDQ0QGhvdG1haWwuY29tIn0.-HHWNRAfkFEjGtTkec74gpsISa-Sq6-yb2hndMOcgFw
[2025-11-11 03:05:39] Exact token not found. Trying fallback by nonce=936ad81c2e396d7de084da9d49d28d2b
[2025-11-11 03:05:39] Found DB row by nonce id=20 stored_len=255
[2025-11-11 03:05:39] Repaired truncated token for id=20 new_token_len=275
[2025-11-11 03:05:39] Token OK id=20 token_len=275
[2025-11-11 03:08:06] INCOMING token (raw param): eyJyZXBvcnRfdHlwZSI6ImFkb3B0ZXIiLCJyZWNvcmRfaWQiOjcsIm5vbmNlIjoiOTM2YWQ4MWMyZTM5NmQ3ZGUwODRkYTlkNDlkMjhkMmIiLCJleHAiOiIyMDI1LTExLTExIDA5OjA1OjI3IiwiaWF0IjoiMjAyNS0xMS0xMSAwODowNToyNyIsInJlY2lwaWVudCI6InN6LTE4NDQ0QGhvdG1haWwuY29tIn0.-HHWNRAfkFEjGtTkec74gpsISa-Sq6-yb2hndMOcgFw decoded_len=275 REQUEST_URI=/health_vet/public/add_adopter_report.php?token=eyJyZXBvcnRfdHlwZSI6ImFkb3B0ZXIiLCJyZWNvcmRfaWQiOjcsIm5vbmNlIjoiOTM2YWQ4MWMyZTM5NmQ3ZGUwODRkYTlkNDlkMjhkMmIiLCJleHAiOiIyMDI1LTExLTExIDA5OjA1OjI3IiwiaWF0IjoiMjAyNS0xMS0xMSAwODowNToyNyIsInJlY2lwaWVudCI6InN6LTE4NDQ0QGhvdG1haWwuY29tIn0.-HHWNRAfkFEjGtTkec74gpsISa-Sq6-yb2hndMOcgFw
[2025-11-11 03:08:06] Exact token not found. Trying fallback by nonce=936ad81c2e396d7de084da9d49d28d2b
[2025-11-11 03:08:06] Found DB row by nonce id=20 stored_len=255
[2025-11-11 03:08:06] Repaired truncated token for id=20 new_token_len=275
[2025-11-11 03:08:06] Token OK id=20 token_len=275
[2025-11-11 03:10:06] INCOMING token (raw param): eyJyZXBvcnRfdHlwZSI6ImFkb3B0ZXIiLCJyZWNvcmRfaWQiOjcsIm5vbmNlIjoiYTZhNGM5ZDAyYTcyMGI2NDRiNzJkMDc2NWYxODc2OGYiLCJleHAiOiIyMDI1LTExLTExIDA5OjEwOjA1IiwiaWF0IjoiMjAyNS0xMS0xMSAwODoxMDowNSIsInJlY2lwaWVudCI6InN6LTE4NDQ0QGhvdG1haWwuY29tIn0._cVVcX4KC7LEyYXg3CGhlpIW-xEmnCjtNl21JnfSlaE decoded_len=275 REQUEST_URI=/health_vet/public/add_adopter_report.php?token=eyJyZXBvcnRfdHlwZSI6ImFkb3B0ZXIiLCJyZWNvcmRfaWQiOjcsIm5vbmNlIjoiYTZhNGM5ZDAyYTcyMGI2NDRiNzJkMDc2NWYxODc2OGYiLCJleHAiOiIyMDI1LTExLTExIDA5OjEwOjA1IiwiaWF0IjoiMjAyNS0xMS0xMSAwODoxMDowNSIsInJlY2lwaWVudCI6InN6LTE4NDQ0QGhvdG1haWwuY29tIn0._cVVcX4KC7LEyYXg3CGhlpIW-xEmnCjtNl21JnfSlaE
[2025-11-11 03:10:06] Exact token not found. Trying fallback by nonce=a6a4c9d02a720b644b72d0765f18768f
[2025-11-11 03:10:06] Found DB row by nonce id=21 stored_len=255
[2025-11-11 03:10:06] Repaired truncated token for id=21 new_token_len=275
[2025-11-11 03:10:06] Token OK id=21 token_len=275
[2025-11-11 03:10:43] INCOMING token (raw param): eyJyZXBvcnRfdHlwZSI6InJlc2VydmVkIiwicmVjb3JkX2lkIjo3LCJub25jZSI6IjAzMGFmY2YzMGFiMDUxZDEyOTJjMmU0YmFkNjI2ZDRiIiwiZXhwIjoiMjAyNS0xMS0xMSAwOToxMDo0MCIsImlhdCI6IjIwMjUtMTEtMTEgMDg6MTA6NDAiLCJyZWNpcGllbnQiOiJzei0xODQ0NEBob3RtYWlsLmNvbSJ9.XiqVww6APBivcozDf5Nfk7uSnsloC9AtU-YLNdHuATo decoded_len=276 REQUEST_URI=/health_vet/public/add_reserved_report.php?token=eyJyZXBvcnRfdHlwZSI6InJlc2VydmVkIiwicmVjb3JkX2lkIjo3LCJub25jZSI6IjAzMGFmY2YzMGFiMDUxZDEyOTJjMmU0YmFkNjI2ZDRiIiwiZXhwIjoiMjAyNS0xMS0xMSAwOToxMDo0MCIsImlhdCI6IjIwMjUtMTEtMTEgMDg6MTA6NDAiLCJyZWNpcGllbnQiOiJzei0xODQ0NEBob3RtYWlsLmNvbSJ9.XiqVww6APBivcozDf5Nfk7uSnsloC9AtU-YLNdHuATo
[2025-11-11 03:10:43] Exact token not found. Trying fallback by nonce=030afcf30ab051d1292c2e4bad626d4b
[2025-11-11 03:10:43] Found DB row by nonce id=22 stored_len=255
[2025-11-11 03:10:43] Repaired truncated token for id=22 new_token_len=276
[2025-11-11 03:10:43] Token OK id=22 token_len=276
[2025-11-11 03:12:23] INCOMING token (raw param): eyJyZXBvcnRfdHlwZSI6InJlc2VydmVkIiwicmVjb3JkX2lkIjo3LCJub25jZSI6Ijk3NWYzNTU1YWZiYTNmMmFiMDcxNzQxZDZhMzhhYmM3IiwiZXhwIjoiMjAyNS0xMS0xMSAwOToxMjoyMCIsImlhdCI6IjIwMjUtMTEtMTEgMDg6MTI6MjAiLCJyZWNpcGllbnQiOiJzei0xODQ0NEBob3RtYWlsLmNvbSJ9.BuHFY6M940GHF-IUcL-7P1EXZAauXbln7po0_xyAUx8 decoded_len=276 REQUEST_URI=/health_vet/public/add_reserved_report.php?token=eyJyZXBvcnRfdHlwZSI6InJlc2VydmVkIiwicmVjb3JkX2lkIjo3LCJub25jZSI6Ijk3NWYzNTU1YWZiYTNmMmFiMDcxNzQxZDZhMzhhYmM3IiwiZXhwIjoiMjAyNS0xMS0xMSAwOToxMjoyMCIsImlhdCI6IjIwMjUtMTEtMTEgMDg6MTI6MjAiLCJyZWNpcGllbnQiOiJzei0xODQ0NEBob3RtYWlsLmNvbSJ9.BuHFY6M940GHF-IUcL-7P1EXZAauXbln7po0_xyAUx8
[2025-11-11 03:12:23] Exact token not found. Trying fallback by nonce=975f3555afba3f2ab071741d6a38abc7
[2025-11-11 03:12:23] Found DB row by nonce id=23 stored_len=255
[2025-11-11 03:12:23] Repaired truncated token for id=23 new_token_len=276
[2025-11-11 03:12:23] Token OK id=23 token_len=276
[2025-11-11 05:58:40] INCOMING token (raw param): eyJyZXBvcnRfdHlwZSI6ImFwcGxpY2F0aW9ucyIsInJlY29yZF9pZCI6NSwibm9uY2UiOiJhZjFkNmQzMGJhNDZmODkwMDc5ZmEyMjYxYWY5N2M4ZiIsImV4cCI6IjIwMjUtMTEtMTMgMTA6NTg6MzkiLCJpYXQiOiIyMDI1LTExLTExIDEwOjU4OjM5IiwicmVjaXBpZW50Ijoic3otMTg0NDRAaG90bWFpbC5jb20ifQ.mICgj9Kzv4Qj3rrt89pWmeHeawniuvZjp6KJ8s46yCk decoded_len=282 REQUEST_URI=/health_vet/public/applications_report.php?token=eyJyZXBvcnRfdHlwZSI6ImFwcGxpY2F0aW9ucyIsInJlY29yZF9pZCI6NSwibm9uY2UiOiJhZjFkNmQzMGJhNDZmODkwMDc5ZmEyMjYxYWY5N2M4ZiIsImV4cCI6IjIwMjUtMTEtMTMgMTA6NTg6MzkiLCJpYXQiOiIyMDI1LTExLTExIDEwOjU4OjM5IiwicmVjaXBpZW50Ijoic3otMTg0NDRAaG90bWFpbC5jb20ifQ.mICgj9Kzv4Qj3rrt89pWmeHeawniuvZjp6KJ8s46yCk
[2025-11-11 05:58:40] Exact token not found. Trying fallback by nonce=af1d6d30ba46f890079fa2261af97c8f
[2025-11-11 05:58:40] Found DB row by nonce id=25 stored_len=255
[2025-11-11 05:58:40] Repaired truncated token for id=25 new_token_len=282
[2025-11-11 05:58:40] Token OK id=25 token_len=282
[2025-11-11 05:59:04] INCOMING token (raw param): eyJyZXBvcnRfdHlwZSI6ImFwcGxpY2F0aW9ucyIsInJlY29yZF9pZCI6NSwibm9uY2UiOiJhZjFkNmQzMGJhNDZmODkwMDc5ZmEyMjYxYWY5N2M4ZiIsImV4cCI6IjIwMjUtMTEtMTMgMTA6NTg6MzkiLCJpYXQiOiIyMDI1LTExLTExIDEwOjU4OjM5IiwicmVjaXBpZW50Ijoic3otMTg0NDRAaG90bWFpbC5jb20ifQ.mICgj9Kzv4Qj3rrt89pWmeHeawniuvZjp6KJ8s46yCk decoded_len=282 REQUEST_URI=/health_vet/public/applications_report.php?token=eyJyZXBvcnRfdHlwZSI6ImFwcGxpY2F0aW9ucyIsInJlY29yZF9pZCI6NSwibm9uY2UiOiJhZjFkNmQzMGJhNDZmODkwMDc5ZmEyMjYxYWY5N2M4ZiIsImV4cCI6IjIwMjUtMTEtMTMgMTA6NTg6MzkiLCJpYXQiOiIyMDI1LTExLTExIDEwOjU4OjM5IiwicmVjaXBpZW50Ijoic3otMTg0NDRAaG90bWFpbC5jb20ifQ.mICgj9Kzv4Qj3rrt89pWmeHeawniuvZjp6KJ8s46yCk
[2025-11-11 05:59:04] Exact token not found. Trying fallback by nonce=af1d6d30ba46f890079fa2261af97c8f
[2025-11-11 05:59:04] Found DB row by nonce id=25 stored_len=255
[2025-11-11 05:59:04] Repaired truncated token for id=25 new_token_len=282
[2025-11-11 05:59:04] Token OK id=25 token_len=282
[2025-11-11 06:00:03] INCOMING token (raw param): eyJyZXBvcnRfdHlwZSI6ImFwcGxpY2F0aW9ucyIsInJlY29yZF9pZCI6NCwibm9uY2UiOiIwMWY3ZWIyYTc5NjZjMDEwZGI3NGU5M2RmNjEwM2E5YSIsImV4cCI6IjIwMjUtMTEtMTMgMTE6MDA6MDIiLCJpYXQiOiIyMDI1LTExLTExIDExOjAwOjAyIiwicmVjaXBpZW50IjoiaGFtemFoLmtoYW1haXNlaC4xLkBnbWFpbC5jb20ifQ.VybYbFwl568jMY9U2MOdzvXMWB5m-D6f1z6a8s2ht5A decoded_len=294 REQUEST_URI=/health_vet/public/applications_report.php?token=eyJyZXBvcnRfdHlwZSI6ImFwcGxpY2F0aW9ucyIsInJlY29yZF9pZCI6NCwibm9uY2UiOiIwMWY3ZWIyYTc5NjZjMDEwZGI3NGU5M2RmNjEwM2E5YSIsImV4cCI6IjIwMjUtMTEtMTMgMTE6MDA6MDIiLCJpYXQiOiIyMDI1LTExLTExIDExOjAwOjAyIiwicmVjaXBpZW50IjoiaGFtemFoLmtoYW1haXNlaC4xLkBnbWFpbC5jb20ifQ.VybYbFwl568jMY9U2MOdzvXMWB5m-D6f1z6a8s2ht5A
[2025-11-11 06:00:03] Exact token not found. Trying fallback by nonce=01f7eb2a7966c010db74e93df6103a9a
[2025-11-11 06:00:03] Found DB row by nonce id=26 stored_len=255
[2025-11-11 06:00:03] Repaired truncated token for id=26 new_token_len=294
[2025-11-11 06:00:03] Token OK id=26 token_len=294
[2025-11-11 06:03:22] INCOMING token (raw param): eyJyZXBvcnRfdHlwZSI6InZpc2l0b3JfaW50ZXJhY3Rpb24iLCJyZWNvcmRfaWQiOjEsIm5vbmNlIjoiZjI1MDE1ZWY1ZTRkZDFmYWVlZWU2MGRjODA0YTFiZDQiLCJleHAiOiIyMDI1LTExLTEzIDExOjAzOjIxIiwiaWF0IjoiMjAyNS0xMS0xMSAxMTowMzoyMSIsInJlY2lwaWVudCI6IjUwMTY1MTc4MyJ9.KRsozUtzCXfSYLeahhtUiI7dSn_beFTHGUYsT4hiGjU decoded_len=276 REQUEST_URI=/health_vet/public/add_visitor_interactions_report.php?token=eyJyZXBvcnRfdHlwZSI6InZpc2l0b3JfaW50ZXJhY3Rpb24iLCJyZWNvcmRfaWQiOjEsIm5vbmNlIjoiZjI1MDE1ZWY1ZTRkZDFmYWVlZWU2MGRjODA0YTFiZDQiLCJleHAiOiIyMDI1LTExLTEzIDExOjAzOjIxIiwiaWF0IjoiMjAyNS0xMS0xMSAxMTowMzoyMSIsInJlY2lwaWVudCI6IjUwMTY1MTc4MyJ9.KRsozUtzCXfSYLeahhtUiI7dSn_beFTHGUYsT4hiGjU
[2025-11-11 06:03:22] Exact token not found. Trying fallback by nonce=f25015ef5e4dd1faeeee60dc804a1bd4
[2025-11-11 06:03:22] Found DB row by nonce id=27 stored_len=255
[2025-11-11 06:03:22] Repaired truncated token for id=27 new_token_len=276
[2025-11-11 06:03:22] Token OK id=27 token_len=276
[2025-11-11 06:03:44] INCOMING token (raw param): eyJyZXBvcnRfdHlwZSI6InZpc2l0b3JfaW50ZXJhY3Rpb24iLCJyZWNvcmRfaWQiOjEsIm5vbmNlIjoiZTk3NjE3OThhMDA0NjdmODAxYTJiMmNmZDBkMTJlMmMiLCJleHAiOiIyMDI1LTExLTEzIDExOjAzOjQzIiwiaWF0IjoiMjAyNS0xMS0xMSAxMTowMzo0MyIsInJlY2lwaWVudCI6IjUwMTY1MTc4MyJ9.3UJtlzLYKMl3C6_1f6-Q5KL3aZwHsAhkASL_5JYUV3k decoded_len=276 REQUEST_URI=/health_vet/public/add_visitor_interactions_report.php?token=eyJyZXBvcnRfdHlwZSI6InZpc2l0b3JfaW50ZXJhY3Rpb24iLCJyZWNvcmRfaWQiOjEsIm5vbmNlIjoiZTk3NjE3OThhMDA0NjdmODAxYTJiMmNmZDBkMTJlMmMiLCJleHAiOiIyMDI1LTExLTEzIDExOjAzOjQzIiwiaWF0IjoiMjAyNS0xMS0xMSAxMTowMzo0MyIsInJlY2lwaWVudCI6IjUwMTY1MTc4MyJ9.3UJtlzLYKMl3C6_1f6-Q5KL3aZwHsAhkASL_5JYUV3k
[2025-11-11 06:03:44] Exact token not found. Trying fallback by nonce=e9761798a00467f801a2b2cfd0d12e2c
[2025-11-11 06:03:44] Found DB row by nonce id=28 stored_len=255
[2025-11-11 06:03:44] Repaired truncated token for id=28 new_token_len=276
[2025-11-11 06:03:44] Token OK id=28 token_len=276
[2025-11-11 06:04:41] INCOMING token (raw param): eyJyZXBvcnRfdHlwZSI6InZpc2l0b3JfaW50ZXJhY3Rpb24iLCJyZWNvcmRfaWQiOjEsIm5vbmNlIjoiYTg0YjExYmRhNDc1NDlmMDRkMzJmMWE3YTMzOWY2ZjIiLCJleHAiOiIyMDI1LTExLTExIDEyOjA0OjM5IiwiaWF0IjoiMjAyNS0xMS0xMSAxMTowNDozOSIsInJlY2lwaWVudCI6IjUwMTY1MTc4MyJ9.dJ2QuwrUqnPHzB2AYw01vYwgqoi4PxLgNRpYr4R8ZR4 decoded_len=276 REQUEST_URI=/health_vet/public/add_visitor_interactions_report.php?token=eyJyZXBvcnRfdHlwZSI6InZpc2l0b3JfaW50ZXJhY3Rpb24iLCJyZWNvcmRfaWQiOjEsIm5vbmNlIjoiYTg0YjExYmRhNDc1NDlmMDRkMzJmMWE3YTMzOWY2ZjIiLCJleHAiOiIyMDI1LTExLTExIDEyOjA0OjM5IiwiaWF0IjoiMjAyNS0xMS0xMSAxMTowNDozOSIsInJlY2lwaWVudCI6IjUwMTY1MTc4MyJ9.dJ2QuwrUqnPHzB2AYw01vYwgqoi4PxLgNRpYr4R8ZR4
[2025-11-11 06:04:41] Exact token not found. Trying fallback by nonce=a84b11bda47549f04d32f1a7a339f6f2
[2025-11-11 06:04:41] Found DB row by nonce id=29 stored_len=255
[2025-11-11 06:04:41] Repaired truncated token for id=29 new_token_len=276
[2025-11-11 06:04:41] Token OK id=29 token_len=276
[2025-11-11 06:08:51] INCOMING token (raw param): eyJyZXBvcnRfdHlwZSI6InZpc2l0b3JfaW50ZXJhY3Rpb24iLCJyZWNvcmRfaWQiOjEsIm5vbmNlIjoiYTg0YjExYmRhNDc1NDlmMDRkMzJmMWE3YTMzOWY2ZjIiLCJleHAiOiIyMDI1LTExLTExIDEyOjA0OjM5IiwiaWF0IjoiMjAyNS0xMS0xMSAxMTowNDozOSIsInJlY2lwaWVudCI6IjUwMTY1MTc4MyJ9.dJ2QuwrUqnPHzB2AYw01vYwgqoi4PxLgNRpYr4R8ZR4 decoded_len=276 REQUEST_URI=/health_vet/public/add_visitor_interactions_report.php?token=eyJyZXBvcnRfdHlwZSI6InZpc2l0b3JfaW50ZXJhY3Rpb24iLCJyZWNvcmRfaWQiOjEsIm5vbmNlIjoiYTg0YjExYmRhNDc1NDlmMDRkMzJmMWE3YTMzOWY2ZjIiLCJleHAiOiIyMDI1LTExLTExIDEyOjA0OjM5IiwiaWF0IjoiMjAyNS0xMS0xMSAxMTowNDozOSIsInJlY2lwaWVudCI6IjUwMTY1MTc4MyJ9.dJ2QuwrUqnPHzB2AYw01vYwgqoi4PxLgNRpYr4R8ZR4
[2025-11-11 06:08:51] Exact token not found. Trying fallback by nonce=a84b11bda47549f04d32f1a7a339f6f2
[2025-11-11 06:08:51] Found DB row by nonce id=29 stored_len=255
[2025-11-11 06:08:51] Repaired truncated token for id=29 new_token_len=276
[2025-11-11 06:08:51] Token OK id=29 token_len=276
[2025-11-11 06:17:38] INCOMING token (raw param): eyJyZXBvcnRfdHlwZSI6ImFwcGxpY2F0aW9ucyIsInJlY29yZF9pZCI6NCwibm9uY2UiOiIwMWY3ZWIyYTc5NjZjMDEwZGI3NGU5M2RmNjEwM2E5YSIsImV4cCI6IjIwMjUtMTEtMTMgMTE6MDA6MDIiLCJpYXQiOiIyMDI1LTExLTExIDExOjAwOjAyIiwicmVjaXBpZW50IjoiaGFtemFoLmtoYW1haXNlaC4xLkBnbWFpbC5jb20ifQ.VybYbFwl568jMY9U2MOdzvXMWB5m-D6f1z6a8s2ht5A decoded_len=294 REQUEST_URI=/health_vet/public/applications_report.php?token=eyJyZXBvcnRfdHlwZSI6ImFwcGxpY2F0aW9ucyIsInJlY29yZF9pZCI6NCwibm9uY2UiOiIwMWY3ZWIyYTc5NjZjMDEwZGI3NGU5M2RmNjEwM2E5YSIsImV4cCI6IjIwMjUtMTEtMTMgMTE6MDA6MDIiLCJpYXQiOiIyMDI1LTExLTExIDExOjAwOjAyIiwicmVjaXBpZW50IjoiaGFtemFoLmtoYW1haXNlaC4xLkBnbWFpbC5jb20ifQ.VybYbFwl568jMY9U2MOdzvXMWB5m-D6f1z6a8s2ht5A
[2025-11-11 06:17:38] Exact token not found. Trying fallback by nonce=01f7eb2a7966c010db74e93df6103a9a
[2025-11-11 06:17:38] Found DB row by nonce id=26 stored_len=255
[2025-11-11 06:17:38] Repaired truncated token for id=26 new_token_len=294
[2025-11-11 06:17:38] Token OK id=26 token_len=294
